\BOOKMARK [0][-]{chapter*.1}{\376\377\000D\000e\000c\000l\000a\000r\000a\000t\000i\000o\000n\000\040\000o\000f\000\040\000A\000u\000t\000h\000o\000r\000s\000h\000i\000p}{}% 1
\BOOKMARK [0][-]{chapter*.2}{\376\377\000A\000b\000s\000t\000r\000a\000c\000t}{}% 2
\BOOKMARK [0][-]{chapter*.4}{\376\377\000L\000i\000s\000t\000\040\000o\000f\000\040\000F\000i\000g\000u\000r\000e\000s}{}% 3
\BOOKMARK [0][-]{chapter*.5}{\376\377\000L\000i\000s\000t\000\040\000o\000f\000\040\000A\000b\000b\000r\000e\000v\000i\000a\000t\000i\000o\000n\000s}{}% 4
\BOOKMARK [0][-]{chapter.7}{\376\377\000I\000n\000t\000r\000o\000d\000u\000c\000t\000i\000o\000n}{}% 5
\BOOKMARK [1][-]{section.8}{\376\377\000P\000r\000o\000j\000e\000c\000t\000\040\000a\000i\000m}{chapter.7}% 6
\BOOKMARK [0][-]{chapter.9}{\376\377\000L\000i\000t\000e\000r\000a\000t\000u\000r\000e\000\040\000R\000e\000v\000i\000e\000w}{}% 7
\BOOKMARK [1][-]{section.10}{\376\377\000D\000i\000g\000i\000t\000a\000l\000\040\000T\000w\000i\000n}{chapter.9}% 8
\BOOKMARK [1][-]{section.11}{\376\377\000A\000u\000t\000o\000n\000o\000m\000o\000u\000s\000\040\000R\000o\000b\000o\000t\000s}{chapter.9}% 9
\BOOKMARK [1][-]{section.12}{\376\377\000W\000h\000a\000t\000\040\000i\000s\000\040\000R\000O\000S\000?}{chapter.9}% 10
\BOOKMARK [2][-]{subsection.13}{\376\377\000W\000h\000a\000t\000\040\000i\000s\000\040\000a\000\040\000R\000O\000S\000\040\000d\000i\000s\000t\000r\000i\000b\000u\000t\000i\000o\000n}{section.12}% 11
\BOOKMARK [2][-]{subsection.17}{\376\377\000N\000o\000d\000e\000s\000\040\000a\000n\000d\000\040\000T\000o\000p\000i\000c\000s}{section.12}% 12
\BOOKMARK [1][-]{section.19}{\376\377\000R\000v\000i\000z\000\040\000a\000n\000d\000\040\000G\000e\000z\000e\000b\000o}{chapter.9}% 13
\BOOKMARK [2][-]{subsection.20}{\376\377\000R\000V\000i\000z}{section.19}% 14
\BOOKMARK [2][-]{subsection.21}{\376\377\000G\000a\000z\000e\000b\000o}{section.19}% 15
\BOOKMARK [2][-]{subsection.22}{\376\377\000C\000o\000m\000b\000i\000n\000a\000t\000i\000o\000n\000\040\000o\000f\000\040\000R\000V\000i\000z\000\040\000a\000n\000d\000\040\000G\000a\000z\000e\000b\000o}{section.19}% 16
\BOOKMARK [1][-]{section.23}{\376\377\000U\000R\000D\000F\000,\000\040\000X\000a\000c\000r\000o\000\040\000a\000n\000d\000\040\000S\000D\000F}{chapter.9}% 17
\BOOKMARK [0][-]{chapter.28}{\376\377\000M\000e\000t\000h\000o\000d\000s}{}% 18
\BOOKMARK [1][-]{section.29}{\376\377\000P\000r\000o\000j\000e\000c\000t\000\040\000P\000i\000p\000l\000i\000n\000e}{chapter.28}% 19
\BOOKMARK [1][-]{section.31}{\376\377\000R\000o\000b\000o\000t\000\040\000p\000a\000r\000t\000s}{chapter.28}% 20
\BOOKMARK [1][-]{section.37}{\376\377\000S\000y\000s\000t\000e\000m\000\040\000S\000e\000t\000u\000p\000\040\000o\000f\000\040\000c\000o\000m\000p\000u\000t\000e\000r\000\040\000h\000a\000r\000d\000w\000a\000r\000e\000\040\000a\000n\000d\000\040\000S\000o\000f\000t\000w\000a\000r\000e}{chapter.28}% 21
\BOOKMARK [2][-]{subsection.38}{\376\377\000R\000O\000S\0002\000\040\000i\000n\000s\000t\000a\000l\000l\000a\000t\000i\000o\000n}{section.37}% 22
\BOOKMARK [2][-]{subsection.39}{\376\377\000N\000e\000t\000w\000o\000r\000k\000\040\000c\000o\000n\000f\000i\000g\000u\000r\000a\000t\000i\000o\000n}{section.37}% 23
\BOOKMARK [2][-]{subsection.40}{\376\377\000R\000O\000S\0002\000\040\000N\000o\000d\000e\000s}{section.37}% 24
\BOOKMARK [1][-]{section.41}{\376\377\000D\000e\000v\000e\000l\000o\000p\000\040\000U\000R\000D\000F\000\040\000F\000i\000l\000e}{chapter.28}% 25
\BOOKMARK [2][-]{subsection.42}{\376\377\000T\000h\000e\000\040\000R\000o\000b\000o\000t\000\040\000t\000a\000g}{section.41}% 26
\BOOKMARK [2][-]{subsection.58}{\376\377\000L\000i\000n\000k\000\040\000t\000a\000g\000s}{section.41}% 27
\BOOKMARK [2][-]{subsection.79}{\376\377\000J\000o\000i\000n\000t\000\040\000t\000a\000g\000s}{section.41}% 28
\BOOKMARK [1][-]{section.90}{\376\377\000L\000a\000u\000n\000c\000h\000\040\000U\000R\000D\000F\000\040\000i\000n\000\040\000R\000V\000i\000z}{chapter.28}% 29
\BOOKMARK [1][-]{section.120}{\376\377\000G\000a\000z\000e\000b\000o}{chapter.28}% 30
\BOOKMARK [1][-]{section.121}{\376\377\000C\000o\000n\000t\000r\000o\000l\000\040\000t\000h\000e\000\040\000r\000o\000b\000o\000t}{chapter.28}% 31
\BOOKMARK [0][-]{chapter.122}{\376\377\000R\000e\000s\000u\000l\000t\000s}{}% 32
\BOOKMARK [1][-]{section.123}{\376\377\000R\000e\000p\000o\000s\000i\000t\000o\000r\000i\000e\000s\000\040\000f\000o\000r\000\040\000C\000o\000d\000e\000\040\000M\000a\000n\000a\000g\000e\000m\000e\000n\000t}{chapter.122}% 33
\BOOKMARK [1][-]{section.124}{\376\377\000B\000u\000i\000l\000d\000\040\000a\000\040\000w\000o\000r\000k\000s\000p\000a\000c\000e\000\040\000w\000i\000t\000h\000\040\000c\000o\000l\000c\000o\000n}{chapter.122}% 34
\BOOKMARK [1][-]{section.125}{\376\377\000B\000u\000i\000l\000d\000\040\000o\000f\000\040\000p\000r\000o\000t\000o\000t\000y\000p\000e\000\040\000r\000o\000b\000o\000t}{chapter.122}% 35
\BOOKMARK [1][-]{section.127}{\376\377\000I\000n\000s\000t\000a\000l\000l\000a\000t\000i\000o\000n\000\040\000h\000a\000r\000d\000w\000a\000r\000e\000\040\000a\000n\000d\000\040\000s\000o\000f\000t\000w\000a\000r\000e}{chapter.122}% 36
\BOOKMARK [2][-]{subsection.128}{\376\377\000N\000e\000t\000w\000o\000r\000k\000\040\000c\000o\000n\000f\000i\000g\000u\000r\000a\000t\000i\000o\000n}{section.127}% 37
\BOOKMARK [1][-]{section.129}{\376\377\000D\000e\000v\000e\000l\000o\000p\000\040\000U\000R\000D\000F\000\040\000f\000i\000l\000e}{chapter.122}% 38
\BOOKMARK [1][-]{section.130}{\376\377\000V\000i\000s\000u\000a\000l\000i\000z\000a\000t\000i\000o\000n\000\040\000w\000i\000t\000h\000\040\000R\000v\000i\000z\0002}{chapter.122}% 39
\BOOKMARK [1][-]{section.144}{\376\377\000G\000a\000z\000e\000b\000o}{chapter.122}% 40
\BOOKMARK [2][-]{subsection.146}{\376\377\000C\000o\000n\000t\000r\000o\000l\000l\000i\000n\000g\000\040\000t\000h\000e\000\040\000r\000e\000a\000l\000\040\000r\000o\000b\000o\000t}{section.144}% 41
\BOOKMARK [1][-]{section.147}{\376\377\000B\000u\000i\000l\000d\000i\000n\000g\000\040\000t\000h\000e\000\040\000d\000i\000g\000i\000t\000a\000l\000\040\000t\000w\000i\000n}{chapter.122}% 42
\BOOKMARK [0][-]{chapter.148}{\376\377\000D\000i\000s\000c\000u\000s\000s\000i\000o\000n}{}% 43
\BOOKMARK [1][-]{section.149}{\376\377\000A\000c\000h\000i\000e\000v\000e\000m\000e\000n\000t\000s}{chapter.148}% 44
\BOOKMARK [1][-]{section.150}{\376\377\000F\000u\000n\000c\000t\000i\000o\000n\000a\000l\000i\000t\000y\000\040\000a\000n\000d\000\040\000L\000i\000m\000i\000t\000a\000t\000i\000o\000n\000s}{chapter.148}% 45
\BOOKMARK [2][-]{subsection.151}{\376\377\000C\000h\000a\000l\000l\000e\000n\000g\000e\000s\000\040\000a\000n\000d\000\040\000B\000o\000t\000t\000l\000e\000n\000e\000c\000k\000s}{section.150}% 46
\BOOKMARK [0][-]{chapter.152}{\376\377\000C\000o\000n\000c\000l\000u\000s\000i\000o\000n\000\040\000a\000n\000d\000\040\000o\000u\000t\000l\000o\000o\000k}{}% 47
\BOOKMARK [1][-]{section.153}{\376\377\000C\000o\000n\000c\000l\000u\000s\000i\000o\000n}{chapter.152}% 48
\BOOKMARK [1][-]{section.154}{\376\377\000O\000u\000t\000l\000o\000o\000k}{chapter.152}% 49
\BOOKMARK [0][-]{chapter*.155}{\376\377\000B\000i\000b\000l\000i\000o\000g\000r\000a\000p\000h\000y}{}% 50
\BOOKMARK [0][-]{appendix.156}{\376\377\000I\000n\000s\000t\000a\000l\000l\000a\000t\000i\000o\000n\000\040\000g\000u\000i\000d\000e\000s}{}% 51
\BOOKMARK [1][-]{section.157}{\376\377\000C\000h\000a\000n\000g\000e\000\040\000O\000p\000e\000r\000a\000t\000i\000n\000g\000\040\000S\000y\000s\000t\000e\000m\000\040\000o\000f\000\040\000C\000o\000n\000t\000r\000o\000l\000\040\000U\000n\000i\000t}{appendix.156}% 52
\BOOKMARK [2][-]{subsection.158}{\376\377\000O\000b\000j\000e\000c\000t\000i\000v\000e}{section.157}% 53
\BOOKMARK [2][-]{subsection.159}{\376\377\000P\000r\000o\000c\000e\000d\000u\000r\000e}{section.157}% 54
\BOOKMARK [2][-]{subsection.160}{\376\377\000P\000r\000e\000p\000a\000r\000a\000t\000i\000o\000n\000:\000\040\000U\000S\000B\000\040\000S\000t\000i\000c\000k\000\040\000a\000n\000d\000\040\000I\000S\000O\000\040\000I\000m\000a\000g\000e}{section.157}% 55
\BOOKMARK [2][-]{subsection.161}{\376\377\000S\000t\000e\000p\000\040\0001\000:\000\040\000C\000r\000e\000a\000t\000e\000\040\000a\000\040\000B\000o\000o\000t\000a\000b\000l\000e\000\040\000U\000S\000B\000\040\000S\000t\000i\000c\000k\000\040\000\050\000F\000o\000r\000\040\000W\000i\000n\000d\000o\000w\000s\000\040\000U\000s\000e\000r\000s\000\051}{section.157}% 56
\BOOKMARK [3][-]{section*.162}{\376\377\000C\000o\000n\000f\000i\000g\000u\000r\000e\000\040\000R\000u\000f\000u\000s\000\040\000S\000e\000t\000t\000i\000n\000g\000s}{subsection.161}% 57
\BOOKMARK [3][-]{section*.163}{\376\377\000S\000t\000a\000r\000t\000\040\000t\000h\000e\000\040\000P\000r\000o\000c\000e\000s\000s}{subsection.161}% 58
\BOOKMARK [2][-]{subsection.164}{\376\377\000S\000t\000e\000p\000\040\0002\000:\000\040\000B\000o\000o\000t\000\040\000U\000b\000u\000n\000t\000u\000\040\000f\000r\000o\000m\000\040\000t\000h\000e\000\040\000U\000S\000B\000\040\000S\000t\000i\000c\000k}{section.157}% 59
\BOOKMARK [2][-]{subsection.165}{\376\377\000S\000t\000e\000p\000\040\0003\000:\000\040\000I\000n\000s\000t\000a\000l\000l\000\040\000U\000b\000u\000n\000t\000u}{section.157}% 60
\BOOKMARK [2][-]{subsection.166}{\376\377\000S\000t\000e\000p\000\040\0004\000:\000\040\000A\000f\000t\000e\000r\000\040\000I\000n\000s\000t\000a\000l\000l\000a\000t\000i\000o\000n}{section.157}% 61
\BOOKMARK [1][-]{section.167}{\376\377\000I\000n\000s\000t\000a\000l\000l\000\040\000R\000O\000S\0002\000\040\000o\000n\000\040\000U\000b\000u\000n\000t\000u\000\040\0002\0004\000.\0000\0004}{appendix.156}% 62
\BOOKMARK [2][-]{subsection.168}{\376\377\000O\000b\000j\000e\000c\000t\000i\000v\000e}{section.167}% 63
\BOOKMARK [2][-]{subsection.169}{\376\377\000P\000r\000o\000c\000e\000d\000u\000r\000e}{section.167}% 64
\BOOKMARK [2][-]{subsection.182}{\376\377\000T\000e\000s\000t\000i\000n\000g}{section.167}% 65
\BOOKMARK [2][-]{subsection.186}{\376\377\000A\000d\000d\000i\000t\000i\000o\000n\000a\000l}{section.167}% 66
\BOOKMARK [1][-]{section.187}{\376\377\000I\000n\000s\000t\000a\000l\000l\000\040\000G\000a\000z\000e\000b\000o\000\040\000I\000o\000n\000i\000c}{appendix.156}% 67
\BOOKMARK [2][-]{subsection.188}{\376\377\000O\000b\000j\000e\000c\000t\000i\000v\000e}{section.187}% 68
\BOOKMARK [2][-]{subsection.195}{\376\377\000P\000r\000o\000c\000e\000d\000u\000r\000e}{section.187}% 69
\BOOKMARK [0][-]{appendix.198}{\376\377\000U\000s\000e\000\040\000o\000f\000\040\000A\000I\000\040\000T\000o\000o\000l\000s\000\040\000i\000n\000\040\000t\000h\000e\000\040\000P\000r\000o\000j\000e\000c\000t}{}% 70
